<?xml version="1.0" encoding="UTF-8" ?>
<testsuites>
<testsuite name="Register, Login, Logout" errors="0" tests="3" failures="0" time="0.144" timestamp="2022-11-15T18:36:09">
  <testcase classname="Register, Login, Logout" name="register new user" time="0.065"></testcase>
  <testcase classname="Register, Login, Logout" name="log in old user" time="0.067"></testcase>
  <testcase classname="Register, Login, Logout" name="log out current logged in user" time="0.012"></testcase>
</testsuite>
</testsuites>